[2020-05-29 22:30:43,268] INFO: User data: OK!
[2020-05-29 22:30:43,294] INFO: Snapshot #1: OK!
[2020-05-29 22:30:50,478] INFO: User data: OK!
[2020-05-29 22:30:50,508] INFO: Snapshot #1: OK!
[2020-05-29 22:30:52,625] INFO: User data: OK!
[2020-05-29 22:30:52,649] INFO: Snapshot #1: OK!
[2020-05-29 22:30:54,836] INFO: User data: OK!
[2020-05-29 22:30:54,861] INFO: Snapshot #1: OK!
[2020-05-29 22:31:00,527] INFO: User data: OK!
[2020-05-29 22:31:00,555] INFO: Snapshot #1: OK!
[2020-05-29 22:31:14,472] INFO: User data: OK!
[2020-05-29 22:31:14,496] INFO: Snapshot #1: OK!
[2020-05-29 22:31:15,999] INFO: User data: OK!
[2020-05-29 22:31:16,024] INFO: Snapshot #1: OK!
[2020-05-29 22:31:16,953] INFO: User data: OK!
[2020-05-29 22:31:16,975] INFO: Snapshot #1: OK!
[2020-05-29 22:31:17,924] CRITICAL: [Errno 111] Connection refused
[2020-05-29 22:31:28,722] CRITICAL: unknown host name "bad_hostname"
[2020-05-29 22:31:29,107] CRITICAL: Error parsing message
[2020-05-29 22:31:29,501] CRITICAL: Not a gzipped file (b'ga')
[2020-05-29 22:31:29,888] CRITICAL: [Errno 2] No such file or directory: 'tests/nosuch_file.gz'
[2020-05-29 22:31:31,955] INFO: User data: OK!
[2020-05-29 22:31:31,980] INFO: Snapshot #1: OK!
[2020-05-29 22:31:32,365] CRITICAL: module 'bci.readers' has no attribute 'unknown'
[2020-05-29 22:31:35,424] INFO: User data: OK!
[2020-05-29 22:31:35,450] INFO: Snapshot #1: OK!
[2020-05-29 22:31:37,203] INFO: User data: OK!
[2020-05-29 22:31:37,227] INFO: Snapshot #1: OK!
[2020-05-29 22:31:39,744] INFO: User data: OK!
[2020-05-29 22:31:39,768] INFO: Snapshot #1: OK!
[2020-05-29 22:31:45,274] INFO: User data: OK!
[2020-05-29 22:31:45,297] INFO: Snapshot #1: OK!
[2020-05-29 22:31:52,723] INFO: User data: OK!
[2020-05-29 22:31:52,747] INFO: Snapshot #1: OK!
[2020-05-29 22:31:53,639] INFO: User data: OK!
[2020-05-29 22:31:53,664] INFO: Snapshot #1: OK!
[2020-05-29 22:31:54,565] INFO: User data: OK!
[2020-05-29 22:31:54,588] INFO: Snapshot #1: OK!
[2020-05-29 22:32:06,680] WARNING: ERROR: no host or port provided for publisher service
[2020-05-29 22:32:06,682] CRITICAL: [Errno 104] Connection reset by peer
[2020-05-29 22:32:07,702] WARNING: ERROR: no host or port provided for publisher service
[2020-05-29 22:32:07,704] CRITICAL: [Errno 104] Connection reset by peer
[2020-05-29 22:32:11,842] WARNING: ERROR: could not connect to rabbitmq through host 8.8.8.8 and port 5672
[2020-05-29 22:32:11,844] CRITICAL: [Errno 104] Connection reset by peer
[2020-05-29 22:32:14,302] WARNING: ERROR: could not connect to rabbitmq through host 127.0.0.1 and port 60000
[2020-05-29 22:32:14,304] CRITICAL: [Errno 104] Connection reset by peer
[2020-05-29 22:32:57,694] INFO: User data: OK!
[2020-05-29 22:32:57,718] INFO: Snapshot #1: OK!
[2020-05-29 22:32:59,261] INFO: User data: OK!
[2020-05-29 22:32:59,295] INFO: Snapshot #1: OK!
[2020-05-29 22:33:00,265] INFO: User data: OK!
[2020-05-29 22:33:00,289] INFO: Snapshot #1: OK!
[2020-05-29 22:33:01,236] CRITICAL: [Errno 111] Connection refused
[2020-05-29 22:33:12,077] CRITICAL: unknown host name "bad_hostname"
[2020-05-29 22:33:12,487] CRITICAL: Error parsing message
[2020-05-29 22:33:12,870] CRITICAL: Not a gzipped file (b'ga')
[2020-05-29 22:33:13,252] CRITICAL: [Errno 2] No such file or directory: 'tests/nosuch_file.gz'
[2020-05-29 22:33:15,324] INFO: User data: OK!
[2020-05-29 22:33:15,351] INFO: Snapshot #1: OK!
[2020-05-29 22:33:15,731] CRITICAL: module 'bci.readers' has no attribute 'unknown'
[2020-05-29 22:33:18,846] INFO: User data: OK!
[2020-05-29 22:33:18,874] INFO: Snapshot #1: OK!
[2020-05-29 22:33:20,645] INFO: User data: OK!
[2020-05-29 22:33:20,669] INFO: Snapshot #1: OK!
[2020-05-29 22:33:23,088] INFO: User data: OK!
[2020-05-29 22:33:23,111] INFO: Snapshot #1: OK!
[2020-05-29 22:33:28,849] INFO: User data: OK!
[2020-05-29 22:33:28,876] INFO: Snapshot #1: OK!
[2020-05-29 22:33:36,300] INFO: User data: OK!
[2020-05-29 22:33:36,327] INFO: Snapshot #1: OK!
[2020-05-29 22:33:37,257] INFO: User data: OK!
[2020-05-29 22:33:37,282] INFO: Snapshot #1: OK!
[2020-05-29 22:33:38,204] INFO: User data: OK!
[2020-05-29 22:33:38,228] INFO: Snapshot #1: OK!
[2020-05-29 22:33:50,425] WARNING: ERROR: no host or port provided for publisher service
[2020-05-29 22:33:50,427] CRITICAL: [Errno 104] Connection reset by peer
[2020-05-29 22:33:51,454] WARNING: ERROR: no host or port provided for publisher service
[2020-05-29 22:33:51,457] CRITICAL: [Errno 104] Connection reset by peer
[2020-05-29 22:33:55,562] WARNING: ERROR: could not connect to rabbitmq through host 8.8.8.8 and port 5672
[2020-05-29 22:33:55,565] CRITICAL: [Errno 104] Connection reset by peer
[2020-05-29 22:33:57,997] WARNING: ERROR: could not connect to rabbitmq through host 127.0.0.1 and port 60000
[2020-05-29 22:33:57,999] CRITICAL: [Errno 104] Connection reset by peer
[2020-05-29 22:35:11,342] INFO: User data: OK!
[2020-05-29 22:35:11,368] INFO: Snapshot #1: OK!
[2020-05-29 22:35:12,821] INFO: User data: OK!
[2020-05-29 22:35:12,846] INFO: Snapshot #1: OK!
[2020-05-29 22:35:13,754] CRITICAL: [Errno 111] Connection refused
[2020-05-29 22:35:14,657] CRITICAL: [Errno 111] Connection refused
[2020-05-29 22:35:25,475] CRITICAL: unknown host name "bad_hostname"
[2020-05-29 22:35:25,876] CRITICAL: Error parsing message
[2020-05-29 22:35:26,273] CRITICAL: Not a gzipped file (b'ga')
[2020-05-29 22:35:26,671] CRITICAL: [Errno 2] No such file or directory: 'tests/nosuch_file.gz'
[2020-05-29 22:35:28,763] INFO: User data: OK!
[2020-05-29 22:35:28,788] INFO: Snapshot #1: OK!
[2020-05-29 22:35:29,198] CRITICAL: module 'bci.readers' has no attribute 'unknown'
[2020-05-29 22:35:32,291] INFO: User data: OK!
[2020-05-29 22:35:32,317] INFO: Snapshot #1: OK!
[2020-05-29 22:35:34,106] INFO: User data: OK!
[2020-05-29 22:35:34,130] INFO: Snapshot #1: OK!
[2020-05-29 22:35:36,633] INFO: User data: OK!
[2020-05-29 22:35:36,657] INFO: Snapshot #1: OK!
[2020-05-29 22:35:42,173] INFO: User data: OK!
[2020-05-29 22:35:42,198] INFO: Snapshot #1: OK!
[2020-05-29 22:35:49,654] INFO: User data: OK!
[2020-05-29 22:35:49,679] INFO: Snapshot #1: OK!
[2020-05-29 22:35:50,611] INFO: User data: OK!
[2020-05-29 22:35:50,630] INFO: Snapshot #1: OK!
[2020-05-29 22:35:51,546] INFO: User data: OK!
[2020-05-29 22:35:51,571] INFO: Snapshot #1: OK!
[2020-05-29 22:36:03,762] WARNING: ERROR: no host or port provided for publisher service
[2020-05-29 22:36:03,764] CRITICAL: [Errno 104] Connection reset by peer
[2020-05-29 22:36:04,769] WARNING: ERROR: no host or port provided for publisher service
[2020-05-29 22:36:04,772] CRITICAL: [Errno 104] Connection reset by peer
[2020-05-29 22:36:08,848] WARNING: ERROR: could not connect to rabbitmq through host 8.8.8.8 and port 5672
[2020-05-29 22:36:08,851] CRITICAL: [Errno 104] Connection reset by peer
[2020-05-29 22:36:11,315] WARNING: ERROR: could not connect to rabbitmq through host 127.0.0.1 and port 60000
[2020-05-29 22:36:11,317] CRITICAL: [Errno 104] Connection reset by peer
[2020-05-29 22:39:24,504] INFO: User data: OK!
[2020-05-29 22:39:24,529] INFO: Snapshot #1: OK!
[2020-05-29 22:39:25,983] INFO: User data: OK!
[2020-05-29 22:39:26,010] INFO: Snapshot #1: OK!
[2020-05-29 22:39:26,948] CRITICAL: [Errno 111] Connection refused
[2020-05-29 22:39:27,855] CRITICAL: [Errno 111] Connection refused
[2020-05-29 22:39:38,666] CRITICAL: unknown host name "bad_hostname"
[2020-05-29 22:39:39,069] CRITICAL: Error parsing message
[2020-05-29 22:39:39,507] CRITICAL: Not a gzipped file (b'ga')
[2020-05-29 22:39:39,904] CRITICAL: [Errno 2] No such file or directory: 'tests/nosuch_file.gz'
[2020-05-29 22:39:42,036] INFO: User data: OK!
[2020-05-29 22:39:42,071] INFO: Snapshot #1: OK!
[2020-05-29 22:39:42,552] CRITICAL: module 'bci.readers' has no attribute 'unknown'
[2020-05-29 22:39:45,664] INFO: User data: OK!
[2020-05-29 22:39:45,701] INFO: Snapshot #1: OK!
[2020-05-29 22:39:47,550] INFO: User data: OK!
[2020-05-29 22:39:47,580] INFO: Snapshot #1: OK!
[2020-05-29 22:39:50,042] INFO: User data: OK!
[2020-05-29 22:39:50,061] INFO: Snapshot #1: OK!
[2020-05-29 22:39:55,616] INFO: User data: OK!
[2020-05-29 22:39:55,635] INFO: Snapshot #1: OK!
[2020-05-29 22:40:03,111] INFO: User data: OK!
[2020-05-29 22:40:03,129] INFO: Snapshot #1: OK!
[2020-05-29 22:40:04,040] INFO: User data: OK!
[2020-05-29 22:40:04,053] INFO: Snapshot #1: OK!
[2020-05-29 22:40:04,987] INFO: User data: OK!
[2020-05-29 22:40:05,006] INFO: Snapshot #1: OK!
[2020-05-29 22:40:17,178] WARNING: ERROR: no host or port provided for publisher service
[2020-05-29 22:40:17,181] CRITICAL: [Errno 104] Connection reset by peer
[2020-05-29 22:40:18,190] WARNING: ERROR: no host or port provided for publisher service
[2020-05-29 22:40:18,192] CRITICAL: [Errno 104] Connection reset by peer
[2020-05-29 22:40:22,289] WARNING: ERROR: could not connect to rabbitmq through host 8.8.8.8 and port 5672
[2020-05-29 22:40:22,292] CRITICAL: [Errno 104] Connection reset by peer
[2020-05-29 22:40:24,740] WARNING: ERROR: could not connect to rabbitmq through host 127.0.0.1 and port 60000
[2020-05-29 22:40:24,743] CRITICAL: [Errno 104] Connection reset by peer
