[2020-05-30 14:06:13,932] INFO: Sent to feelings topic: {"id": 60000, "hunger": 0.5, "thirst": 0.30000001192092896, "exhaustion": 0.20000000298023224, "happiness": 1.0, "user_id": 123}
[2020-05-30 14:07:52,667] INFO: Sent to feelings topic: {"id": 60000, "hunger": 0.5, "thirst": 0.30000001192092896, "exhaustion": 0.20000000298023224, "happiness": 1.0, "user_id": 123}
[2020-05-30 14:07:52,667] INFO: Sent to feelings topic: {"id": 60000, "hunger": 0.5, "thirst": 0.30000001192092896, "exhaustion": 0.20000000298023224, "happiness": 1.0, "user_id": 123}
[2020-05-30 14:08:00,309] INFO: Sent to feelings topic: {"id": 60000, "hunger": 0.5, "thirst": 0.30000001192092896, "exhaustion": 0.20000000298023224, "happiness": 1.0, "user_id": 123}
[2020-05-30 14:08:00,309] INFO: Sent to feelings topic: {"id": 60000, "hunger": 0.5, "thirst": 0.30000001192092896, "exhaustion": 0.20000000298023224, "happiness": 1.0, "user_id": 123}
[2020-05-30 14:08:00,310] INFO: Sent to feelings topic: {"id": 60000, "hunger": 0.5, "thirst": 0.30000001192092896, "exhaustion": 0.20000000298023224, "happiness": 1.0, "user_id": 123}
[2020-05-30 14:09:17,428] INFO: Sent to feelings topic: {"id": 60000, "hunger": 0.5, "thirst": 0.30000001192092896, "exhaustion": 0.20000000298023224, "happiness": 1.0, "user_id": 123}
[2020-05-30 14:09:17,428] INFO: Sent to feelings topic: {"id": 60000, "hunger": 0.5, "thirst": 0.30000001192092896, "exhaustion": 0.20000000298023224, "happiness": 1.0, "user_id": 123}
[2020-05-30 14:09:17,428] INFO: Sent to feelings topic: {"id": 60000, "hunger": 0.5, "thirst": 0.30000001192092896, "exhaustion": 0.20000000298023224, "happiness": 1.0, "user_id": 123}
[2020-05-30 14:09:17,429] INFO: Sent to feelings topic: {"id": 60000, "hunger": 0.5, "thirst": 0.30000001192092896, "exhaustion": 0.20000000298023224, "happiness": 1.0, "user_id": 123}
[2020-05-30 14:09:39,693] INFO: Sent to feelings topic: {"id": 60000, "hunger": 0.5, "thirst": 0.30000001192092896, "exhaustion": 0.20000000298023224, "happiness": 1.0, "user_id": 123}
[2020-05-30 14:09:39,693] INFO: Sent to feelings topic: {"id": 60000, "hunger": 0.5, "thirst": 0.30000001192092896, "exhaustion": 0.20000000298023224, "happiness": 1.0, "user_id": 123}
[2020-05-30 14:09:39,693] INFO: Sent to feelings topic: {"id": 60000, "hunger": 0.5, "thirst": 0.30000001192092896, "exhaustion": 0.20000000298023224, "happiness": 1.0, "user_id": 123}
[2020-05-30 14:09:39,694] INFO: Sent to feelings topic: {"id": 60000, "hunger": 0.5, "thirst": 0.30000001192092896, "exhaustion": 0.20000000298023224, "happiness": 1.0, "user_id": 123}
[2020-05-30 14:09:39,694] INFO: Sent to feelings topic: {"id": 60000, "hunger": 0.5, "thirst": 0.30000001192092896, "exhaustion": 0.20000000298023224, "happiness": 1.0, "user_id": 123}
[2020-05-30 14:10:56,017] INFO: Sent to feelings topic: {"id": 60000, "hunger": 0.5, "thirst": 0.30000001192092896, "exhaustion": 0.20000000298023224, "happiness": 1.0, "user_id": 123}
[2020-05-30 14:10:56,017] INFO: Sent to feelings topic: {"id": 60000, "hunger": 0.5, "thirst": 0.30000001192092896, "exhaustion": 0.20000000298023224, "happiness": 1.0, "user_id": 123}
[2020-05-30 14:10:56,017] INFO: Sent to feelings topic: {"id": 60000, "hunger": 0.5, "thirst": 0.30000001192092896, "exhaustion": 0.20000000298023224, "happiness": 1.0, "user_id": 123}
[2020-05-30 14:10:56,018] INFO: Sent to feelings topic: {"id": 60000, "hunger": 0.5, "thirst": 0.30000001192092896, "exhaustion": 0.20000000298023224, "happiness": 1.0, "user_id": 123}
[2020-05-30 14:10:56,018] INFO: Sent to feelings topic: {"id": 60000, "hunger": 0.5, "thirst": 0.30000001192092896, "exhaustion": 0.20000000298023224, "happiness": 1.0, "user_id": 123}
[2020-05-30 14:10:56,018] INFO: Sent to feelings topic: {"id": 60000, "hunger": 0.5, "thirst": 0.30000001192092896, "exhaustion": 0.20000000298023224, "happiness": 1.0, "user_id": 123}
[2020-05-30 16:38:29,061] CRITICAL: (320, "CONNECTION_FORCED - broker forced connection closure with reason 'shutdown'")
[2020-05-30 16:38:29,092] CRITICAL: (320, "CONNECTION_FORCED - broker forced connection closure with reason 'shutdown'")
[2020-05-30 16:38:29,101] CRITICAL: (320, "CONNECTION_FORCED - broker forced connection closure with reason 'shutdown'")
[2020-05-30 16:38:29,106] CRITICAL: (320, "CONNECTION_FORCED - broker forced connection closure with reason 'shutdown'")
[2020-05-30 16:38:29,111] CRITICAL: (320, "CONNECTION_FORCED - broker forced connection closure with reason 'shutdown'")
[2020-05-30 16:38:29,121] CRITICAL: (320, "CONNECTION_FORCED - broker forced connection closure with reason 'shutdown'")
[2020-05-30 16:55:07,881] INFO: Sent to feelings topic: {"id": 1575446887339, "hunger": 0.0, "thirst": 0.0, "exhaustion": 0.0, "happiness": 0.0, "user_id": 42}
[2020-05-30 16:55:07,882] INFO: Sent to pose topic: {"id": 1575446887339, "translation": {"x": 0.4873843491077423, "y": 0.007090016733855009, "z": -1.1306129693984985}, "rotation": {"x": -0.10888676356214629, "y": -0.26755994585035286, "z": -0.021271118915446748, "w": 0.9571326384559261}, "user_id": 42}
[2020-05-30 16:55:09,864] INFO: Sent to pose topic: {"id": 1575446887412, "translation": {"x": 0.15600797533988953, "y": 0.08133671432733536, "z": -0.49068963527679443}, "rotation": {"x": -0.2959017411322204, "y": -0.16749024140672616, "z": -0.04752900380336424, "w": 0.9392178514199446}, "user_id": 42}
[2020-05-30 16:55:09,868] INFO: Sent to feelings topic: {"id": 1575446887412, "hunger": 0.0010000000474974513, "thirst": 0.003000000026077032, "exhaustion": 0.0020000000949949026, "happiness": 0.0, "user_id": 42}
[2020-05-30 16:55:11,625] INFO: Sent to pose topic: {"id": 1575446887476, "translation": {"x": -0.05690298229455948, "y": 0.09136273711919785, "z": -0.1454082578420639}, "rotation": {"x": -0.30262250114734884, "y": 0.024984587319575428, "z": 0.01379476785565966, "w": 0.9526831039624887}, "user_id": 42}
[2020-05-30 16:55:11,626] INFO: Sent to feelings topic: {"id": 1575446887476, "hunger": 0.0020000000949949026, "thirst": 0.006000000052154064, "exhaustion": 0.004000000189989805, "happiness": 0.0, "user_id": 42}
[2020-05-30 16:55:13,373] INFO: Sent to pose topic: {"id": 1575446887541, "translation": {"x": -0.06873919069766998, "y": 0.06515509635210037, "z": 0.20628340542316437}, "rotation": {"x": -0.2268025104015529, "y": 0.016296475938769883, "z": 0.034513309202044845, "w": 0.9731926210342198}, "user_id": 42}
[2020-05-30 16:55:13,374] INFO: Sent to feelings topic: {"id": 1575446887541, "hunger": 0.003000000026077032, "thirst": 0.008999999612569809, "exhaustion": 0.006000000052154064, "happiness": 0.0, "user_id": 42}
[2020-05-30 16:55:15,107] INFO: Sent to pose topic: {"id": 1575446887603, "translation": {"x": -0.08363257348537445, "y": 0.03274262696504593, "z": 0.44446834921836853}, "rotation": {"x": -0.18523385018409705, "y": -0.011889715927864218, "z": 0.01159230178272562, "w": 0.9825541582734808}, "user_id": 42}
[2020-05-30 16:55:15,108] INFO: Sent to feelings topic: {"id": 1575446887603, "hunger": 0.004000000189989805, "thirst": 0.012000000104308128, "exhaustion": 0.00800000037997961, "happiness": 0.30000001192092896, "user_id": 42}
[2020-05-30 16:55:17,043] INFO: Sent to pose topic: {"id": 1575446887662, "translation": {"x": -0.14546413719654083, "y": 0.04411502927541733, "z": 0.6741152405738831}, "rotation": {"x": -0.14703597056264828, "y": -0.07644212208443549, "z": -0.0010371202319277395, "w": 0.9861723732256713}, "user_id": 42}
[2020-05-30 16:55:17,051] INFO: Sent to feelings topic: {"id": 1575446887662, "hunger": 0.004999999888241291, "thirst": 0.014999999664723873, "exhaustion": 0.009999999776482582, "happiness": 0.6000000238418579, "user_id": 42}
[2020-05-30 17:02:49,679] INFO: Sent to feelings topic: {"id": 60000, "hunger": 0.5, "thirst": 0.30000001192092896, "exhaustion": 0.20000000298023224, "happiness": 1.0, "user_id": 123}
[2020-05-30 17:02:49,679] INFO: Sent to pose topic: {"id": 60000, "translation": {"x": 1.0, "y": 2.0, "z": 3.0}, "rotation": {"x": -1.0, "y": -2.0, "z": -3.0, "w": -4.0}, "user_id": 123}
[2020-05-30 17:06:04,080] INFO: Sent to pose topic: {"id": 0, "translation": {"x": 0.0, "y": 0.0, "z": 0.0}, "rotation": {"x": 0.0, "y": 0.0, "z": 0.0, "w": 0.0}, "user_id": 97}
[2020-05-30 17:06:04,080] INFO: Sent to feelings topic: {"id": 0, "hunger": 0.0, "thirst": 0.0, "exhaustion": 0.0, "happiness": 0.0, "user_id": 97}
[2020-05-30 17:08:24,729] INFO: Sent to pose topic: {"id": 60000, "translation": {"x": 1.0, "y": 2.0, "z": 3.0}, "rotation": {"x": -1.0, "y": -2.0, "z": -3.0, "w": -4.0}, "user_id": 123}
[2020-05-30 17:08:24,729] INFO: Sent to feelings topic: {"id": 60000, "hunger": 0.5, "thirst": 0.30000001192092896, "exhaustion": 0.20000000298023224, "happiness": 1.0, "user_id": 123}
[2020-05-30 17:27:18,454] INFO: Sent to feelings topic: {"id": 60000, "hunger": 0.5, "thirst": 0.30000001192092896, "exhaustion": 0.20000000298023224, "happiness": 1.0, "user_id": 123}
[2020-05-30 17:27:18,454] INFO: Sent to pose topic: {"id": 60000, "translation": {"x": 1.0, "y": 2.0, "z": 3.0}, "rotation": {"x": -1.0, "y": -2.0, "z": -3.0, "w": -4.0}, "user_id": 123}
[2020-05-30 17:27:19,101] INFO: Sent to feelings topic: {"id": 60000, "hunger": 0.5, "thirst": 0.30000001192092896, "exhaustion": 0.20000000298023224, "happiness": 1.0, "user_id": 123}
[2020-05-30 17:27:19,101] INFO: Sent to pose topic: {"id": 60000, "translation": {"x": 1.0, "y": 2.0, "z": 3.0}, "rotation": {"x": -1.0, "y": -2.0, "z": -3.0, "w": -4.0}, "user_id": 123}
[2020-05-30 17:29:57,227] INFO: Sent to feelings topic: {"id": 60000, "hunger": 0.5, "thirst": 0.30000001192092896, "exhaustion": 0.20000000298023224, "happiness": 1.0, "user_id": 123}
[2020-05-30 17:29:58,687] CRITICAL: [feelings] no host or port provided for publisher service
[2020-05-30 17:30:04,341] CRITICAL: [feelings] could not connect to rabbitmq through host 8.8.8.8 and port 5672
[2020-05-30 17:30:06,830] CRITICAL: [feelings] could not connect to rabbitmq through host 127.0.0.1 and port 60000
[2020-05-30 17:30:11,812] CRITICAL: Publisher module "unknown" does not exist
[2020-05-30 17:59:46,681] CRITICAL: [feelings] could not connect to rabbitmq through host 127.0.0.1 and port 5672
[2020-05-30 17:59:48,378] CRITICAL: [feelings] no host or port provided for publisher service
[2020-05-30 17:59:54,000] CRITICAL: [feelings] could not connect to rabbitmq through host 8.8.8.8 and port 5672
[2020-05-30 17:59:56,425] CRITICAL: [feelings] could not connect to rabbitmq through host 127.0.0.1 and port 60000
[2020-05-30 18:00:01,474] CRITICAL: Publisher module "unknown" does not exist
[2020-05-31 12:44:26,327] CRITICAL: [feelings] could not connect to rabbitmq through host 127.0.0.1 and port 5672
[2020-05-31 12:44:29,997] CRITICAL: [feelings] no host or port provided for publisher service
[2020-05-31 12:44:53,433] CRITICAL: [feelings] could not connect to rabbitmq through host 8.8.8.8 and port 5672
[2020-05-31 12:44:55,843] CRITICAL: [feelings] could not connect to rabbitmq through host 127.0.0.1 and port 60000
[2020-05-31 12:45:06,473] CRITICAL: Publisher module "unknown" does not exist
